<?xml version="1.0" encoding="UTF-8"?>
<testng-results ignored="0" total="3" passed="3" failed="0" skipped="0">
  <reporter-output>
  </reporter-output>
  <suite started-at="2022-02-19T12:40:16Z" name="Suite" finished-at="2022-02-19T12:40:55Z" duration-ms="38746">
    <groups>
    </groups>
    <test started-at="2022-02-19T12:40:16Z" name="Test" finished-at="2022-02-19T12:40:55Z" duration-ms="38746">
      <class name="TestCase.TC_002">
        <test-method is-config="true" signature="SSSetUp()[pri:0, instance:TestCase.TC_002@4b6e2263]" started-at="2022-02-19T12:40:42Z" name="SSSetUp" finished-at="2022-02-19T12:40:52Z" duration-ms="9520" status="PASS">
          <reporter-output>
          </reporter-output>
        </test-method> <!-- SSSetUp -->
        <test-method signature="validateLogin()[pri:0, instance:TestCase.TC_002@4b6e2263]" started-at="2022-02-19T12:40:52Z" name="validateLogin" finished-at="2022-02-19T12:40:55Z" duration-ms="2662" status="PASS">
          <reporter-output>
          </reporter-output>
        </test-method> <!-- validateLogin -->
      </class> <!-- TestCase.TC_002 -->
      <class name="TestCase.TC_001">
        <test-method is-config="true" signature="SSSetUp()[pri:0, instance:TestCase.TC_001@6e4566f1]" started-at="2022-02-19T12:40:16Z" name="SSSetUp" finished-at="2022-02-19T12:40:26Z" duration-ms="10171" status="PASS">
          <reporter-output>
          </reporter-output>
        </test-method> <!-- SSSetUp -->
        <test-method signature="validateLogin()[pri:0, instance:TestCase.TC_001@6e4566f1]" started-at="2022-02-19T12:40:26Z" name="validateLogin" finished-at="2022-02-19T12:40:28Z" duration-ms="1784" status="PASS">
          <reporter-output>
          </reporter-output>
        </test-method> <!-- validateLogin -->
      </class> <!-- TestCase.TC_001 -->
      <class name="TestCase.TC_004">
        <test-method is-config="true" signature="SSSetUp()[pri:0, instance:TestCase.TC_004@344f4dea]" started-at="2022-02-19T12:40:28Z" name="SSSetUp" finished-at="2022-02-19T12:40:37Z" duration-ms="9228" status="PASS">
          <reporter-output>
          </reporter-output>
        </test-method> <!-- SSSetUp -->
        <test-method signature="Editcustomer()[pri:0, instance:TestCase.TC_004@344f4dea]" started-at="2022-02-19T12:40:37Z" name="Editcustomer" finished-at="2022-02-19T12:40:42Z" duration-ms="5348" status="PASS">
          <reporter-output>
          </reporter-output>
        </test-method> <!-- Editcustomer -->
      </class> <!-- TestCase.TC_004 -->
    </test> <!-- Test -->
  </suite> <!-- Suite -->
</testng-results>
