<?xml version="1.0" encoding="UTF-8"?>
<!-- Generated by org.testng.reporters.JUnitXMLReporter -->
<testsuite ignored="0" hostname="inbl01lap7071" failures="0" tests="3" name="Test" time="38.746" errors="0" timestamp="19 Feb 2022 12:40:55 GMT">
  <testcase classname="TestCase.TC_001" name="validateLogin" time="1.784"/>
  <testcase classname="TestCase.TC_004" name="Editcustomer" time="5.348"/>
  <testcase classname="TestCase.TC_002" name="validateLogin" time="2.662"/>
</testsuite> <!-- Test -->
